Сборка начата 02.11.2023 18:41:46.
Уровень детализации журнала: Normal.     1>Проект "D:\Учёба\3сем\КСИС\Lab5(echo_request_for_TCP_IP_diagnostics)\Lab5(echo_request_for_TCP_IP_diagnostics).vcxproj" в узле 2 (целевые объекты Build).
     1>PrepareForBuild:
         Создание каталога "Debug\Lab5(ech.90f62e34.tlog\".
       InitializeBuildStatus:
         Создание "Debug\Lab5(ech.90f62e34.tlog\unsuccessfulbuild", так как было задано "AlwaysCreate".
       ClCompile:
         C:\Program Files\Microsoft Visual Studio\2022\Community\VC\Tools\MSVC\14.34.31933\bin\HostX86\x86\CL.exe /c /ZI /JMC /nologo /W3 /WX- /diagnostics:column /sdl /Od /Oy- /D WIN32 /D _DEBUG /D _CONSOLE /D _UNICODE /D UNICODE /Gm- /EHsc /RTC1 /MDd /GS /fp:precise /Zc:wchar_t /Zc:forScope /Zc:inline /permissive- /Fo"Debug\\" /Fd"Debug\vc143.pdb" /external:W3 /Gd /TP /analyze- /FC /errorReport:prompt ping.cpp
         ping.cpp
     1>D:\Учёба\3сем\КСИС\Lab5(echo_request_for_TCP_IP_diagnostics)\ping.cpp(13,1): warning C4005: IP_DEST_NET_UNREACHABLE: изменение макроопределения
       C:\Program Files (x86)\Windows Kits\10\Include\10.0.19041.0\um\ipexport.h(173,1): message : см. предыдущее определение "IP_DEST_NET_UNREACHABLE"
     1>D:\Учёба\3сем\КСИС\Lab5(echo_request_for_TCP_IP_diagnostics)\ping.cpp(14,1): warning C4005: IP_DEST_HOST_UNREACHABLE: изменение макроопределения
       C:\Program Files (x86)\Windows Kits\10\Include\10.0.19041.0\um\ipexport.h(174,1): message : см. предыдущее определение "IP_DEST_HOST_UNREACHABLE"
     1>D:\Учёба\3сем\КСИС\Lab5(echo_request_for_TCP_IP_diagnostics)\ping.cpp(15,1): warning C4005: IP_DEST_PROT_UNREACHABLE: изменение макроопределения
       C:\Program Files (x86)\Windows Kits\10\Include\10.0.19041.0\um\ipexport.h(175,1): message : см. предыдущее определение "IP_DEST_PROT_UNREACHABLE"
     1>D:\Учёба\3сем\КСИС\Lab5(echo_request_for_TCP_IP_diagnostics)\ping.cpp(16,1): warning C4005: IP_DEST_PORT_UNREACHABLE: изменение макроопределения
       C:\Program Files (x86)\Windows Kits\10\Include\10.0.19041.0\um\ipexport.h(176,1): message : см. предыдущее определение "IP_DEST_PORT_UNREACHABLE"
     1>D:\Учёба\3сем\КСИС\Lab5(echo_request_for_TCP_IP_diagnostics)\ping.cpp(17,1): warning C4005: IP_REQ_TIMED_OUT: изменение макроопределения
       C:\Program Files (x86)\Windows Kits\10\Include\10.0.19041.0\um\ipexport.h(181,1): message : см. предыдущее определение "IP_REQ_TIMED_OUT"
     1>D:\Учёба\3сем\КСИС\Lab5(echo_request_for_TCP_IP_diagnostics)\ping.cpp(18,1): warning C4005: IP_BAD_REQ: изменение макроопределения
       C:\Program Files (x86)\Windows Kits\10\Include\10.0.19041.0\um\ipexport.h(182,1): message : см. предыдущее определение "IP_BAD_REQ"
     1>D:\Учёба\3сем\КСИС\Lab5(echo_request_for_TCP_IP_diagnostics)\ping.cpp(19,1): warning C4005: IP_BAD_ROUTE: изменение макроопределения
       C:\Program Files (x86)\Windows Kits\10\Include\10.0.19041.0\um\ipexport.h(183,1): message : см. предыдущее определение "IP_BAD_ROUTE"
     1>D:\Учёба\3сем\КСИС\Lab5(echo_request_for_TCP_IP_diagnostics)\ping.cpp(20,1): warning C4005: IP_TTL_EXPIRED_TRANSIT: изменение макроопределения
       C:\Program Files (x86)\Windows Kits\10\Include\10.0.19041.0\um\ipexport.h(184,1): message : см. предыдущее определение "IP_TTL_EXPIRED_TRANSIT"
       Link:
         C:\Program Files\Microsoft Visual Studio\2022\Community\VC\Tools\MSVC\14.34.31933\bin\HostX86\x86\link.exe /ERRORREPORT:PROMPT /OUT:"D:\Учёба\3сем\КСИС\Lab5(echo_request_for_TCP_IP_diagnostics)\Debug\Lab5(echo_request_for_TCP_IP_diagnostics).exe" /INCREMENTAL /ILK:"Debug\Lab5(echo_request_for_TCP_IP_diagnostics).ilk" /NOLOGO kernel32.lib user32.lib gdi32.lib winspool.lib comdlg32.lib advapi32.lib shell32.lib ole32.lib oleaut32.lib uuid.lib odbc32.lib odbccp32.lib /MANIFEST /MANIFESTUAC:"level='asInvoker' uiAccess='false'" /manifest:embed /DEBUG /PDB:"D:\Учёба\3сем\КСИС\Lab5(echo_request_for_TCP_IP_diagnostics)\Debug\Lab5(echo_request_for_TCP_IP_diagnostics).pdb" /SUBSYSTEM:CONSOLE /TLBID:1 /DYNAMICBASE /NXCOMPAT /IMPLIB:"D:\Учёба\3сем\КСИС\Lab5(echo_request_for_TCP_IP_diagnostics)\Debug\Lab5(echo_request_for_TCP_IP_diagnostics).lib" /MACHINE:X86 Debug\ping.obj
         Lab5(echo_request_for_TCP_IP_diagnostics).vcxproj -> D:\Учёба\3сем\КСИС\Lab5(echo_request_for_TCP_IP_diagnostics)\Debug\Lab5(echo_request_for_TCP_IP_diagnostics).exe
       FinalizeBuildStatus:
         Файл "Debug\Lab5(ech.90f62e34.tlog\unsuccessfulbuild" удаляется.
         Обращение к "Debug\Lab5(ech.90f62e34.tlog\Lab5(echo_request_for_TCP_IP_diagnostics).lastbuildstate".
     1>Сборка проекта "D:\Учёба\3сем\КСИС\Lab5(echo_request_for_TCP_IP_diagnostics)\Lab5(echo_request_for_TCP_IP_diagnostics).vcxproj" завершена (целевые объекты Build).

Сборка успешно завершена.

       "D:\Учёба\3сем\КСИС\Lab5(echo_request_for_TCP_IP_diagnostics)\Lab5(echo_request_for_TCP_IP_diagnostics).vcxproj" (целевой объект Build ) (1) ->
       (Целевой объект ClCompile) -> 
         D:\Учёба\3сем\КСИС\Lab5(echo_request_for_TCP_IP_diagnostics)\ping.cpp(13,1): warning C4005: IP_DEST_NET_UNREACHABLE: изменение макроопределения
         D:\Учёба\3сем\КСИС\Lab5(echo_request_for_TCP_IP_diagnostics)\ping.cpp(14,1): warning C4005: IP_DEST_HOST_UNREACHABLE: изменение макроопределения
         D:\Учёба\3сем\КСИС\Lab5(echo_request_for_TCP_IP_diagnostics)\ping.cpp(15,1): warning C4005: IP_DEST_PROT_UNREACHABLE: изменение макроопределения
         D:\Учёба\3сем\КСИС\Lab5(echo_request_for_TCP_IP_diagnostics)\ping.cpp(16,1): warning C4005: IP_DEST_PORT_UNREACHABLE: изменение макроопределения
         D:\Учёба\3сем\КСИС\Lab5(echo_request_for_TCP_IP_diagnostics)\ping.cpp(17,1): warning C4005: IP_REQ_TIMED_OUT: изменение макроопределения
         D:\Учёба\3сем\КСИС\Lab5(echo_request_for_TCP_IP_diagnostics)\ping.cpp(18,1): warning C4005: IP_BAD_REQ: изменение макроопределения
         D:\Учёба\3сем\КСИС\Lab5(echo_request_for_TCP_IP_diagnostics)\ping.cpp(19,1): warning C4005: IP_BAD_ROUTE: изменение макроопределения
         D:\Учёба\3сем\КСИС\Lab5(echo_request_for_TCP_IP_diagnostics)\ping.cpp(20,1): warning C4005: IP_TTL_EXPIRED_TRANSIT: изменение макроопределения

    Предупреждений: 8
    Ошибок: 0

Прошло времени 00:00:01.47
